<ns3modulegen_core_customizations.SmartPointerTransformation object at 0x7fe83a1d4d90>
INFO Parsing source file "/home/tamirg/selfstudy/ns3/ns-allinone-3.36/ns-3.36/build/include/ns3/olsb-module.h" ... 
ns3::Address [class]
ns3::AddressChecker [class]
ns3::AddressValue [class]
ns3::AttributeAccessor [class]
ns3::AttributeChecker [class]
ns3::AttributeConstructionList [class]
ns3::AttributeConstructionList::Item [struct]
ns3::AttributeValue [class]
ns3::Buffer [class]
ns3::Buffer::Iterator [class]
ns3::ByteTagIterator [class]
ns3::ByteTagIterator::Item [class]
ns3::ByteTagList [class]
ns3::ByteTagList::Iterator [class]
ns3::ByteTagList::Iterator::Item [struct]
ns3::Callback<bool, ns3::Ptr<ns3::Socket>, const ns3::Address &, ns3::empty, ns3::empty, ns3::empty, ns3::empty, ns3::empty, ns3::empty, ns3::empty> [class]
ns3::Callback<ns3::ObjectBase *, ns3::empty, ns3::empty, ns3::empty, ns3::empty, ns3::empty, ns3::empty, ns3::empty, ns3::empty, ns3::empty> [class]
ns3::Callback<void, const ns3::Ipv4Header &, ns3::Ptr<const ns3::Packet>, ns3::Ipv4L3Protocol::DropReason, ns3::Ptr<ns3::Ipv4>, unsigned int, ns3::empty, ns3::empty, ns3::empty, ns3::empty> [class]
ns3::Callback<void, const ns3::Ipv4Header &, ns3::Ptr<const ns3::Packet>, unsigned int, ns3::empty, ns3::empty, ns3::empty, ns3::empty, ns3::empty, ns3::empty> [class]
ns3::Callback<void, ns3::Ptr<const ns3::Packet>, const ns3::Ipv4Header &, ns3::Socket::SocketErrno, ns3::empty, ns3::empty, ns3::empty, ns3::empty, ns3::empty, ns3::empty> [class]
ns3::Callback<void, ns3::Ptr<const ns3::Packet>, ns3::Ptr<ns3::Ipv4>, unsigned int, ns3::empty, ns3::empty, ns3::empty, ns3::empty, ns3::empty, ns3::empty> [class]
ns3::Callback<void, ns3::Ptr<ns3::Ipv4Route>, ns3::Ptr<const ns3::Packet>, const ns3::Ipv4Header &, ns3::empty, ns3::empty, ns3::empty, ns3::empty, ns3::empty, ns3::empty> [class]
ns3::Callback<void, ns3::Ptr<ns3::NetDevice>, ns3::Ptr<const ns3::Packet>, unsigned short, const ns3::Address &, const ns3::Address &, ns3::NetDevice::PacketType, ns3::empty, ns3::empty, ns3::empty> [class]
ns3::Callback<void, ns3::Ptr<ns3::NetDevice>, ns3::empty, ns3::empty, ns3::empty, ns3::empty, ns3::empty, ns3::empty, ns3::empty, ns3::empty> [class]
ns3::Callback<void, ns3::Ptr<ns3::Socket>, const ns3::Address &, ns3::empty, ns3::empty, ns3::empty, ns3::empty, ns3::empty, ns3::empty, ns3::empty> [class]
ns3::Callback<void, ns3::Ptr<ns3::Socket>, ns3::empty, ns3::empty, ns3::empty, ns3::empty, ns3::empty, ns3::empty, ns3::empty, ns3::empty> [class]
ns3::Callback<void, ns3::Ptr<ns3::Socket>, unsigned int, ns3::empty, ns3::empty, ns3::empty, ns3::empty, ns3::empty, ns3::empty, ns3::empty> [class]
ns3::CallbackBase [class]
ns3::CallbackChecker [class]
ns3::CallbackImpl<bool, ns3::Ptr<ns3::Socket>, const ns3::Address &, ns3::empty, ns3::empty, ns3::empty, ns3::empty, ns3::empty, ns3::empty, ns3::empty> [class]
ns3::CallbackImpl<ns3::ObjectBase *, ns3::empty, ns3::empty, ns3::empty, ns3::empty, ns3::empty, ns3::empty, ns3::empty, ns3::empty, ns3::empty> [class]
ns3::CallbackImpl<void, const ns3::Ipv4Header &, ns3::Ptr<const ns3::Packet>, ns3::Ipv4L3Protocol::DropReason, ns3::Ptr<ns3::Ipv4>, unsigned int, ns3::empty, ns3::empty, ns3::empty, ns3::empty> [class]
ns3::CallbackImpl<void, const ns3::Ipv4Header &, ns3::Ptr<const ns3::Packet>, unsigned int, ns3::empty, ns3::empty, ns3::empty, ns3::empty, ns3::empty, ns3::empty> [class]
ns3::CallbackImpl<void, ns3::Ptr<const ns3::Packet>, const ns3::Ipv4Header &, ns3::Socket::SocketErrno, ns3::empty, ns3::empty, ns3::empty, ns3::empty, ns3::empty, ns3::empty> [class]
ns3::CallbackImpl<void, ns3::Ptr<const ns3::Packet>, ns3::Ptr<ns3::Ipv4>, unsigned int, ns3::empty, ns3::empty, ns3::empty, ns3::empty, ns3::empty, ns3::empty> [class]
ns3::CallbackImpl<void, ns3::Ptr<ns3::Ipv4Route>, ns3::Ptr<const ns3::Packet>, const ns3::Ipv4Header &, ns3::empty, ns3::empty, ns3::empty, ns3::empty, ns3::empty, ns3::empty> [class]
ns3::CallbackImpl<void, ns3::Ptr<ns3::NetDevice>, ns3::Ptr<const ns3::Packet>, unsigned short, const ns3::Address &, const ns3::Address &, ns3::NetDevice::PacketType, ns3::empty, ns3::empty, ns3::empty> [class]
ns3::CallbackImpl<void, ns3::Ptr<ns3::NetDevice>, ns3::empty, ns3::empty, ns3::empty, ns3::empty, ns3::empty, ns3::empty, ns3::empty, ns3::empty> [class]
ns3::CallbackImpl<void, ns3::Ptr<ns3::Socket>, const ns3::Address &, ns3::empty, ns3::empty, ns3::empty, ns3::empty, ns3::empty, ns3::empty, ns3::empty> [class]
ns3::CallbackImpl<void, ns3::Ptr<ns3::Socket>, ns3::empty, ns3::empty, ns3::empty, ns3::empty, ns3::empty, ns3::empty, ns3::empty, ns3::empty> [class]
ns3::CallbackImpl<void, ns3::Ptr<ns3::Socket>, unsigned int, ns3::empty, ns3::empty, ns3::empty, ns3::empty, ns3::empty, ns3::empty, ns3::empty> [class]
ns3::CallbackImplBase [class]
ns3::CallbackValue [class]
ns3::Chunk [class]
ns3::ConstantRandomVariable [class]
ns3::DefaultDeleter<ns3::AttributeAccessor> [struct]
ns3::DefaultDeleter<ns3::AttributeChecker> [struct]
ns3::DefaultDeleter<ns3::AttributeValue> [struct]
ns3::DefaultDeleter<ns3::CallbackImplBase> [struct]
ns3::DefaultDeleter<ns3::EventImpl> [struct]
ns3::DefaultDeleter<ns3::Hash::Implementation> [struct]
ns3::DefaultDeleter<ns3::Ipv4L3Protocol::Fragments> [struct]
ns3::DefaultDeleter<ns3::Ipv4Route> [struct]
ns3::DefaultDeleter<ns3::NixVector> [struct]
ns3::DefaultDeleter<ns3::Packet> [struct]
ns3::DefaultDeleter<ns3::TraceSourceAccessor> [struct]
ns3::DeterministicRandomVariable [class]
ns3::EmpiricalRandomVariable [class]
ns3::EmptyAttributeAccessor [class]
ns3::EmptyAttributeChecker [class]
ns3::EmptyAttributeValue [class]
ns3::ErlangRandomVariable [class]
ns3::EventId [class]
ns3::EventImpl [class]
ns3::ExponentialRandomVariable [class]
ns3::GammaRandomVariable [class]
ns3::Hasher [class]
ns3::Header [class]
ns3::Inet6SocketAddress [class]
ns3::InetSocketAddress [class]
ns3::IntToType<0> [struct]
ns3::IntToType<1> [struct]
ns3::IntToType<2> [struct]
ns3::IntToType<3> [struct]
ns3::IntToType<4> [struct]
ns3::IntToType<5> [struct]
ns3::IntToType<6> [struct]
ns3::Ipv4 [class]
ns3::Ipv4Address [class]
ns3::Ipv4AddressChecker [class]
ns3::Ipv4AddressHash [class]
ns3::Ipv4AddressValue [class]
ns3::Ipv4Header [class]
ns3::Ipv4Interface [class]
ns3::Ipv4InterfaceAddress [class]
ns3::Ipv4L3Protocol [class]
ns3::Ipv4ListRouting [class]
ns3::Ipv4Mask [class]
ns3::Ipv4MaskChecker [class]
ns3::Ipv4MaskValue [class]
ns3::Ipv4MulticastRoute [class]
ns3::Ipv4Route [class]
ns3::Ipv4RoutingHelper [class]
ns3::Ipv4RoutingProtocol [class]
ns3::Ipv6Address [class]
ns3::Ipv6AddressChecker [class]
ns3::Ipv6AddressHash [class]
ns3::Ipv6AddressValue [class]
ns3::Ipv6Prefix [class]
ns3::Ipv6PrefixChecker [class]
ns3::Ipv6PrefixValue [class]
ns3::LogComponent [class]
ns3::LogNormalRandomVariable [class]
ns3::Mac48Address [class]
ns3::Mac48AddressChecker [class]
ns3::Mac48AddressValue [class]
ns3::Mac8Address [class]
ns3::NetDevice [class]
ns3::NixVector [class]
ns3::Node [class]
ns3::NodeContainer [class]
ns3::NormalRandomVariable [class]
ns3::Object [class]
ns3::ObjectBase [class]
ns3::ObjectDeleter [struct]
ns3::ObjectFactory [class]
ns3::ObjectFactoryChecker [class]
ns3::ObjectFactoryValue [class]
ns3::OlsbHelper [class]
ns3::OutputStreamWrapper [class]
ns3::Packet [class]
ns3::PacketMetadata [class]
ns3::PacketMetadata::Item [struct]
ns3::PacketMetadata::ItemIterator [class]
ns3::PacketTagIterator [class]
ns3::PacketTagIterator::Item [class]
ns3::PacketTagList [class]
ns3::PacketTagList::TagData [struct]
ns3::ParameterLogger [class]
ns3::ParetoRandomVariable [class]
ns3::Ptr<const ns3::AttributeAccessor> [class]
ns3::Ptr<const ns3::AttributeChecker> [class]
ns3::Ptr<const ns3::AttributeValue> [class]
ns3::Ptr<const ns3::CallbackImplBase> [class]
ns3::Ptr<const ns3::NetDevice> [class]
ns3::Ptr<const ns3::Object> [class]
ns3::Ptr<const ns3::Packet> [class]
ns3::Ptr<const ns3::TraceSourceAccessor> [class]
ns3::Ptr<ns3::Application> [class]
ns3::Ptr<ns3::ArpCache> [class]
ns3::Ptr<ns3::AttributeChecker> [class]
ns3::Ptr<ns3::AttributeValue> [class]
ns3::Ptr<ns3::CallbackImpl<bool, ns3::Ptr<ns3::Socket>, const ns3::Address &, ns3::empty, ns3::empty, ns3::empty, ns3::empty, ns3::empty, ns3::empty, ns3::empty>> [class]
ns3::Ptr<ns3::CallbackImpl<ns3::ObjectBase *, ns3::empty, ns3::empty, ns3::empty, ns3::empty, ns3::empty, ns3::empty, ns3::empty, ns3::empty, ns3::empty>> [class]
ns3::Ptr<ns3::CallbackImpl<void, const ns3::Ipv4Header &, ns3::Ptr<const ns3::Packet>, ns3::Ipv4L3Protocol::DropReason, ns3::Ptr<ns3::Ipv4>, unsigned int, ns3::empty, ns3::empty, ns3::empty, ns3::empty>> [class]
ns3::Ptr<ns3::CallbackImpl<void, const ns3::Ipv4Header &, ns3::Ptr<const ns3::Packet>, unsigned int, ns3::empty, ns3::empty, ns3::empty, ns3::empty, ns3::empty, ns3::empty>> [class]
ns3::Ptr<ns3::CallbackImpl<void, ns3::Ptr<const ns3::Packet>, const ns3::Ipv4Header &, ns3::Socket::SocketErrno, ns3::empty, ns3::empty, ns3::empty, ns3::empty, ns3::empty, ns3::empty>> [class]
ns3::Ptr<ns3::CallbackImpl<void, ns3::Ptr<const ns3::Packet>, ns3::Ptr<ns3::Ipv4>, unsigned int, ns3::empty, ns3::empty, ns3::empty, ns3::empty, ns3::empty, ns3::empty>> [class]
ns3::Ptr<ns3::CallbackImpl<void, ns3::Ptr<ns3::Ipv4Route>, ns3::Ptr<const ns3::Packet>, const ns3::Ipv4Header &, ns3::empty, ns3::empty, ns3::empty, ns3::empty, ns3::empty, ns3::empty>> [class]
ns3::Ptr<ns3::CallbackImpl<void, ns3::Ptr<ns3::NetDevice>, ns3::Ptr<const ns3::Packet>, unsigned short, const ns3::Address &, const ns3::Address &, ns3::NetDevice::PacketType, ns3::empty, ns3::empty, ns3::empty>> [class]
ns3::Ptr<ns3::CallbackImpl<void, ns3::Ptr<ns3::NetDevice>, ns3::empty, ns3::empty, ns3::empty, ns3::empty, ns3::empty, ns3::empty, ns3::empty, ns3::empty>> [class]
ns3::Ptr<ns3::CallbackImpl<void, ns3::Ptr<ns3::Socket>, const ns3::Address &, ns3::empty, ns3::empty, ns3::empty, ns3::empty, ns3::empty, ns3::empty, ns3::empty>> [class]
ns3::Ptr<ns3::CallbackImpl<void, ns3::Ptr<ns3::Socket>, ns3::empty, ns3::empty, ns3::empty, ns3::empty, ns3::empty, ns3::empty, ns3::empty, ns3::empty>> [class]
ns3::Ptr<ns3::CallbackImpl<void, ns3::Ptr<ns3::Socket>, unsigned int, ns3::empty, ns3::empty, ns3::empty, ns3::empty, ns3::empty, ns3::empty, ns3::empty>> [class]
ns3::Ptr<ns3::CallbackImplBase> [class]
ns3::Ptr<ns3::EventImpl> [class]
ns3::Ptr<ns3::Hash::Implementation> [class]
ns3::Ptr<ns3::IpL4Protocol> [class]
ns3::Ptr<ns3::Ipv4> [class]
ns3::Ptr<ns3::Ipv4Interface> [class]
ns3::Ptr<ns3::Ipv4L3Protocol::Fragments> [class]
ns3::Ptr<ns3::Ipv4ListRouting> [class]
ns3::Ptr<ns3::Ipv4RawSocketImpl> [class]
ns3::Ptr<ns3::Ipv4Route> [class]
ns3::Ptr<ns3::Ipv4RoutingProtocol> [class]
ns3::Ptr<ns3::NetDevice> [class]
ns3::Ptr<ns3::NixVector> [class]
ns3::Ptr<ns3::Node> [class]
ns3::Ptr<ns3::Object> [class]
ns3::Ptr<ns3::Packet> [class]
ns3::Ptr<ns3::RandomVariableStream> [class]
ns3::Ptr<ns3::Socket> [class]
ns3::Ptr<ns3::TrafficControlLayer> [class]
ns3::Ptr<ns3::UniformRandomVariable> [class]
ns3::RandomVariableStream [class]
ns3::SequentialRandomVariable [class]
ns3::SimpleRefCount<ns3::AttributeAccessor, ns3::empty, ns3::DefaultDeleter<ns3::AttributeAccessor>> [class]
ns3::SimpleRefCount<ns3::AttributeChecker, ns3::empty, ns3::DefaultDeleter<ns3::AttributeChecker>> [class]
ns3::SimpleRefCount<ns3::AttributeValue, ns3::empty, ns3::DefaultDeleter<ns3::AttributeValue>> [class]
ns3::SimpleRefCount<ns3::CallbackImplBase, ns3::empty, ns3::DefaultDeleter<ns3::CallbackImplBase>> [class]
ns3::SimpleRefCount<ns3::EventImpl, ns3::empty, ns3::DefaultDeleter<ns3::EventImpl>> [class]
ns3::SimpleRefCount<ns3::Hash::Implementation, ns3::empty, ns3::DefaultDeleter<ns3::Hash::Implementation>> [class]
ns3::SimpleRefCount<ns3::Ipv4L3Protocol::Fragments, ns3::empty, ns3::DefaultDeleter<ns3::Ipv4L3Protocol::Fragments>> [class]
ns3::SimpleRefCount<ns3::Ipv4MulticastRoute, ns3::empty, ns3::DefaultDeleter<ns3::Ipv4MulticastRoute>> [class]
ns3::SimpleRefCount<ns3::Ipv4Route, ns3::empty, ns3::DefaultDeleter<ns3::Ipv4Route>> [class]
ns3::SimpleRefCount<ns3::NixVector, ns3::empty, ns3::DefaultDeleter<ns3::NixVector>> [class]
ns3::SimpleRefCount<ns3::Object, ns3::ObjectBase, ns3::ObjectDeleter> [class]
ns3::SimpleRefCount<ns3::OutputStreamWrapper, ns3::empty, ns3::DefaultDeleter<ns3::OutputStreamWrapper>> [class]
ns3::SimpleRefCount<ns3::Packet, ns3::empty, ns3::DefaultDeleter<ns3::Packet>> [class]
ns3::SimpleRefCount<ns3::TraceSourceAccessor, ns3::empty, ns3::DefaultDeleter<ns3::TraceSourceAccessor>> [class]
ns3::Simulator [class]
ns3::Socket [class]
ns3::SocketIpTosTag [class]
ns3::SocketIpTtlTag [class]
ns3::SocketIpv6HopLimitTag [class]
ns3::SocketIpv6TclassTag [class]
ns3::SocketPriorityTag [class]
ns3::SocketSetDontFragmentTag [class]
ns3::Tag [class]
ns3::TagBuffer [class]
ns3::Time [class]
ns3::TimeValue [class]
ns3::TimeWithUnit [class]
ns3::Timer [class]
ns3::TimerImpl [class]
ns3::TraceSourceAccessor [class]
ns3::TracedCallback<const ns3::Ipv4Header &, ns3::Ptr<const ns3::Packet>, ns3::Ipv4L3Protocol::DropReason, ns3::Ptr<ns3::Ipv4>, unsigned int> [class]
ns3::TracedCallback<const ns3::Ipv4Header &, ns3::Ptr<const ns3::Packet>, unsigned int> [class]
ns3::TracedCallback<ns3::Ptr<const ns3::Packet>, ns3::Ptr<ns3::Ipv4>, unsigned int> [class]
ns3::Trailer [class]
ns3::TriangularRandomVariable [class]
ns3::TypeId [class]
ns3::TypeId::AttributeInformation [struct]
ns3::TypeId::TraceSourceInformation [struct]
ns3::TypeIdChecker [class]
ns3::TypeIdValue [class]
ns3::UniformRandomVariable [class]
ns3::WeibullRandomVariable [class]
ns3::ZetaRandomVariable [class]
ns3::ZipfRandomVariable [class]
ns3::empty [class]
ns3::int64x64_t [class]
ns3::AddressChecker [class]
ns3::AddressValue [class]
ns3::AttributeAccessor [class]
ns3::AttributeChecker [class]
ns3::AttributeValue [class]
ns3::CallbackChecker [class]
ns3::CallbackImpl<bool, ns3::Ptr<ns3::Socket>, const ns3::Address &, ns3::empty, ns3::empty, ns3::empty, ns3::empty, ns3::empty, ns3::empty, ns3::empty> [class]
ns3::CallbackImpl<ns3::ObjectBase *, ns3::empty, ns3::empty, ns3::empty, ns3::empty, ns3::empty, ns3::empty, ns3::empty, ns3::empty, ns3::empty> [class]
ns3::CallbackImpl<void, const ns3::Ipv4Header &, ns3::Ptr<const ns3::Packet>, ns3::Ipv4L3Protocol::DropReason, ns3::Ptr<ns3::Ipv4>, unsigned int, ns3::empty, ns3::empty, ns3::empty, ns3::empty> [class]
ns3::CallbackImpl<void, const ns3::Ipv4Header &, ns3::Ptr<const ns3::Packet>, unsigned int, ns3::empty, ns3::empty, ns3::empty, ns3::empty, ns3::empty, ns3::empty> [class]
ns3::CallbackImpl<void, ns3::Ptr<const ns3::Packet>, const ns3::Ipv4Header &, ns3::Socket::SocketErrno, ns3::empty, ns3::empty, ns3::empty, ns3::empty, ns3::empty, ns3::empty> [class]
ns3::CallbackImpl<void, ns3::Ptr<const ns3::Packet>, ns3::Ptr<ns3::Ipv4>, unsigned int, ns3::empty, ns3::empty, ns3::empty, ns3::empty, ns3::empty, ns3::empty> [class]
ns3::CallbackImpl<void, ns3::Ptr<ns3::Ipv4Route>, ns3::Ptr<const ns3::Packet>, const ns3::Ipv4Header &, ns3::empty, ns3::empty, ns3::empty, ns3::empty, ns3::empty, ns3::empty> [class]
ns3::CallbackImpl<void, ns3::Ptr<ns3::NetDevice>, ns3::Ptr<const ns3::Packet>, unsigned short, const ns3::Address &, const ns3::Address &, ns3::NetDevice::PacketType, ns3::empty, ns3::empty, ns3::empty> [class]
ns3::CallbackImpl<void, ns3::Ptr<ns3::NetDevice>, ns3::empty, ns3::empty, ns3::empty, ns3::empty, ns3::empty, ns3::empty, ns3::empty, ns3::empty> [class]
ns3::CallbackImpl<void, ns3::Ptr<ns3::Socket>, const ns3::Address &, ns3::empty, ns3::empty, ns3::empty, ns3::empty, ns3::empty, ns3::empty, ns3::empty> [class]
ns3::CallbackImpl<void, ns3::Ptr<ns3::Socket>, ns3::empty, ns3::empty, ns3::empty, ns3::empty, ns3::empty, ns3::empty, ns3::empty, ns3::empty> [class]
ns3::CallbackImpl<void, ns3::Ptr<ns3::Socket>, unsigned int, ns3::empty, ns3::empty, ns3::empty, ns3::empty, ns3::empty, ns3::empty, ns3::empty> [class]
ns3::CallbackImplBase [class]
ns3::CallbackValue [class]
ns3::Chunk [class]
ns3::ConstantRandomVariable [class]
ns3::DeterministicRandomVariable [class]
ns3::EmpiricalRandomVariable [class]
ns3::EmptyAttributeAccessor [class]
ns3::EmptyAttributeChecker [class]
ns3::EmptyAttributeValue [class]
ns3::ErlangRandomVariable [class]
ns3::EventImpl [class]
ns3::ExponentialRandomVariable [class]
ns3::GammaRandomVariable [class]
ns3::Header [class]
ns3::Ipv4 [class]
ns3::Ipv4AddressChecker [class]
ns3::Ipv4AddressValue [class]
ns3::Ipv4Header [class]
ns3::Ipv4Interface [class]
ns3::Ipv4L3Protocol [class]
ns3::Ipv4ListRouting [class]
ns3::Ipv4MaskChecker [class]
ns3::Ipv4MaskValue [class]
ns3::Ipv4MulticastRoute [class]
ns3::Ipv4Route [class]
ns3::Ipv4RoutingProtocol [class]
ns3::Ipv6AddressChecker [class]
ns3::Ipv6AddressValue [class]
ns3::Ipv6PrefixChecker [class]
ns3::Ipv6PrefixValue [class]
ns3::LogNormalRandomVariable [class]
ns3::Mac48AddressChecker [class]
ns3::Mac48AddressValue [class]
ns3::NetDevice [class]
ns3::NixVector [class]
ns3::Node [class]
ns3::NormalRandomVariable [class]
ns3::Object [class]
ns3::Object::AggregateIterator [class]
ns3::ObjectFactoryChecker [class]
ns3::ObjectFactoryValue [class]
ns3::OutputStreamWrapper [class]
ns3::Packet [class]
ns3::ParetoRandomVariable [class]
ns3::RandomVariableStream [class]
ns3::SequentialRandomVariable [class]
ns3::SimpleRefCount<ns3::AttributeAccessor, ns3::empty, ns3::DefaultDeleter<ns3::AttributeAccessor>> [class]
ns3::SimpleRefCount<ns3::AttributeChecker, ns3::empty, ns3::DefaultDeleter<ns3::AttributeChecker>> [class]
ns3::SimpleRefCount<ns3::AttributeValue, ns3::empty, ns3::DefaultDeleter<ns3::AttributeValue>> [class]
ns3::SimpleRefCount<ns3::CallbackImplBase, ns3::empty, ns3::DefaultDeleter<ns3::CallbackImplBase>> [class]
ns3::SimpleRefCount<ns3::EventImpl, ns3::empty, ns3::DefaultDeleter<ns3::EventImpl>> [class]
ns3::SimpleRefCount<ns3::Hash::Implementation, ns3::empty, ns3::DefaultDeleter<ns3::Hash::Implementation>> [class]
ns3::SimpleRefCount<ns3::Ipv4L3Protocol::Fragments, ns3::empty, ns3::DefaultDeleter<ns3::Ipv4L3Protocol::Fragments>> [class]
ns3::SimpleRefCount<ns3::Ipv4MulticastRoute, ns3::empty, ns3::DefaultDeleter<ns3::Ipv4MulticastRoute>> [class]
ns3::SimpleRefCount<ns3::Ipv4Route, ns3::empty, ns3::DefaultDeleter<ns3::Ipv4Route>> [class]
ns3::SimpleRefCount<ns3::NixVector, ns3::empty, ns3::DefaultDeleter<ns3::NixVector>> [class]
ns3::SimpleRefCount<ns3::OutputStreamWrapper, ns3::empty, ns3::DefaultDeleter<ns3::OutputStreamWrapper>> [class]
ns3::SimpleRefCount<ns3::Packet, ns3::empty, ns3::DefaultDeleter<ns3::Packet>> [class]
ns3::SimpleRefCount<ns3::TraceSourceAccessor, ns3::empty, ns3::DefaultDeleter<ns3::TraceSourceAccessor>> [class]
ns3::Socket [class]
ns3::SocketIpTosTag [class]
ns3::SocketIpTtlTag [class]
ns3::SocketIpv6HopLimitTag [class]
ns3::SocketIpv6TclassTag [class]
ns3::SocketPriorityTag [class]
ns3::SocketSetDontFragmentTag [class]
ns3::TimeValue [class]
ns3::TraceSourceAccessor [class]
ns3::Trailer [class]
ns3::TriangularRandomVariable [class]
ns3::TypeIdChecker [class]
ns3::TypeIdValue [class]
ns3::UniformRandomVariable [class]
ns3::WeibullRandomVariable [class]
ns3::ZetaRandomVariable [class]
ns3::ZipfRandomVariable [class]
ns3::AddressChecker [class]
ns3::AddressValue [class]
ns3::AttributeAccessor [class]
ns3::AttributeChecker [class]
ns3::AttributeValue [class]
ns3::CallbackChecker [class]
ns3::CallbackImpl<bool, ns3::Ptr<ns3::Socket>, const ns3::Address &, ns3::empty, ns3::empty, ns3::empty, ns3::empty, ns3::empty, ns3::empty, ns3::empty> [class]
ns3::CallbackImpl<ns3::ObjectBase *, ns3::empty, ns3::empty, ns3::empty, ns3::empty, ns3::empty, ns3::empty, ns3::empty, ns3::empty, ns3::empty> [class]
ns3::CallbackImpl<void, const ns3::Ipv4Header &, ns3::Ptr<const ns3::Packet>, ns3::Ipv4L3Protocol::DropReason, ns3::Ptr<ns3::Ipv4>, unsigned int, ns3::empty, ns3::empty, ns3::empty, ns3::empty> [class]
ns3::CallbackImpl<void, const ns3::Ipv4Header &, ns3::Ptr<const ns3::Packet>, unsigned int, ns3::empty, ns3::empty, ns3::empty, ns3::empty, ns3::empty, ns3::empty> [class]
ns3::CallbackImpl<void, ns3::Ptr<const ns3::Packet>, const ns3::Ipv4Header &, ns3::Socket::SocketErrno, ns3::empty, ns3::empty, ns3::empty, ns3::empty, ns3::empty, ns3::empty> [class]
ns3::CallbackImpl<void, ns3::Ptr<const ns3::Packet>, ns3::Ptr<ns3::Ipv4>, unsigned int, ns3::empty, ns3::empty, ns3::empty, ns3::empty, ns3::empty, ns3::empty> [class]
ns3::CallbackImpl<void, ns3::Ptr<ns3::Ipv4Route>, ns3::Ptr<const ns3::Packet>, const ns3::Ipv4Header &, ns3::empty, ns3::empty, ns3::empty, ns3::empty, ns3::empty, ns3::empty> [class]
ns3::CallbackImpl<void, ns3::Ptr<ns3::NetDevice>, ns3::Ptr<const ns3::Packet>, unsigned short, const ns3::Address &, const ns3::Address &, ns3::NetDevice::PacketType, ns3::empty, ns3::empty, ns3::empty> [class]
ns3::CallbackImpl<void, ns3::Ptr<ns3::NetDevice>, ns3::empty, ns3::empty, ns3::empty, ns3::empty, ns3::empty, ns3::empty, ns3::empty, ns3::empty> [class]
ns3::CallbackImpl<void, ns3::Ptr<ns3::Socket>, const ns3::Address &, ns3::empty, ns3::empty, ns3::empty, ns3::empty, ns3::empty, ns3::empty, ns3::empty> [class]
ns3::CallbackImpl<void, ns3::Ptr<ns3::Socket>, ns3::empty, ns3::empty, ns3::empty, ns3::empty, ns3::empty, ns3::empty, ns3::empty, ns3::empty> [class]
ns3::CallbackImpl<void, ns3::Ptr<ns3::Socket>, unsigned int, ns3::empty, ns3::empty, ns3::empty, ns3::empty, ns3::empty, ns3::empty, ns3::empty> [class]
ns3::CallbackImplBase [class]
ns3::CallbackValue [class]
ns3::ConstantRandomVariable [class]
ns3::DeterministicRandomVariable [class]
ns3::EmpiricalRandomVariable [class]
ns3::EmptyAttributeAccessor [class]
ns3::EmptyAttributeChecker [class]
ns3::EmptyAttributeValue [class]
ns3::ErlangRandomVariable [class]
ns3::EventImpl [class]
ns3::ExponentialRandomVariable [class]
ns3::GammaRandomVariable [class]
ns3::Ipv4 [class]
ns3::Ipv4AddressChecker [class]
ns3::Ipv4AddressValue [class]
ns3::Ipv4Interface [class]
ns3::Ipv4L3Protocol [class]
ns3::Ipv4ListRouting [class]
ns3::Ipv4MaskChecker [class]
ns3::Ipv4MaskValue [class]
ns3::Ipv4MulticastRoute [class]
ns3::Ipv4Route [class]
ns3::Ipv4RoutingProtocol [class]
ns3::Ipv6AddressChecker [class]
ns3::Ipv6AddressValue [class]
ns3::Ipv6PrefixChecker [class]
ns3::Ipv6PrefixValue [class]
ns3::LogNormalRandomVariable [class]
ns3::Mac48AddressChecker [class]
ns3::Mac48AddressValue [class]
ns3::NetDevice [class]
ns3::NixVector [class]
ns3::Node [class]
ns3::NormalRandomVariable [class]
ns3::ObjectFactoryChecker [class]
ns3::ObjectFactoryValue [class]
ns3::OutputStreamWrapper [class]
ns3::Packet [class]
ns3::ParetoRandomVariable [class]
ns3::TimeValue [class]
ns3::TypeIdChecker [class]
ns3::TypeIdValue [class]
ns3::AddressChecker [class]
ns3::AddressValue [class]
ns3::CallbackImpl<bool, ns3::Ptr<ns3::Socket>, const ns3::Address &, ns3::empty, ns3::empty, ns3::empty, ns3::empty, ns3::empty, ns3::empty, ns3::empty> [class]
ns3::CallbackImpl<ns3::ObjectBase *, ns3::empty, ns3::empty, ns3::empty, ns3::empty, ns3::empty, ns3::empty, ns3::empty, ns3::empty, ns3::empty> [class]
ns3::CallbackImpl<void, const ns3::Ipv4Header &, ns3::Ptr<const ns3::Packet>, ns3::Ipv4L3Protocol::DropReason, ns3::Ptr<ns3::Ipv4>, unsigned int, ns3::empty, ns3::empty, ns3::empty, ns3::empty> [class]
ns3::CallbackImpl<void, const ns3::Ipv4Header &, ns3::Ptr<const ns3::Packet>, unsigned int, ns3::empty, ns3::empty, ns3::empty, ns3::empty, ns3::empty, ns3::empty> [class]
ns3::CallbackImpl<void, ns3::Ptr<const ns3::Packet>, const ns3::Ipv4Header &, ns3::Socket::SocketErrno, ns3::empty, ns3::empty, ns3::empty, ns3::empty, ns3::empty, ns3::empty> [class]
ns3::CallbackImpl<void, ns3::Ptr<const ns3::Packet>, ns3::Ptr<ns3::Ipv4>, unsigned int, ns3::empty, ns3::empty, ns3::empty, ns3::empty, ns3::empty, ns3::empty> [class]
ns3::CallbackImpl<void, ns3::Ptr<ns3::Ipv4Route>, ns3::Ptr<const ns3::Packet>, const ns3::Ipv4Header &, ns3::empty, ns3::empty, ns3::empty, ns3::empty, ns3::empty, ns3::empty> [class]
ns3::CallbackImpl<void, ns3::Ptr<ns3::NetDevice>, ns3::Ptr<const ns3::Packet>, unsigned short, const ns3::Address &, const ns3::Address &, ns3::NetDevice::PacketType, ns3::empty, ns3::empty, ns3::empty> [class]
ns3::CallbackImpl<void, ns3::Ptr<ns3::NetDevice>, ns3::empty, ns3::empty, ns3::empty, ns3::empty, ns3::empty, ns3::empty, ns3::empty, ns3::empty> [class]
ns3::CallbackImpl<void, ns3::Ptr<ns3::Socket>, const ns3::Address &, ns3::empty, ns3::empty, ns3::empty, ns3::empty, ns3::empty, ns3::empty, ns3::empty> [class]
ns3::CallbackImpl<void, ns3::Ptr<ns3::Socket>, ns3::empty, ns3::empty, ns3::empty, ns3::empty, ns3::empty, ns3::empty, ns3::empty, ns3::empty> [class]
ns3::CallbackImpl<void, ns3::Ptr<ns3::Socket>, unsigned int, ns3::empty, ns3::empty, ns3::empty, ns3::empty, ns3::empty, ns3::empty, ns3::empty> [class]
ns3::Ipv4ListRouting [class]
'std::basic_string< char, std::char_traits< char >, std::allocator< char > >' did not match
ns3::Hash::Implementation [class]
ns3::Hash::Function::Fnv1a [class]
ns3::Hash::Function::Hash32 [class]
ns3::Hash::Function::Hash64 [class]
ns3::Hash::Function::Murmur3 [class]
ns3::olsb::OlsbHeader [class]
ns3::olsb::PacketQueue [class]
ns3::olsb::QueueEntry [class]
ns3::olsb::RoutingProtocol [class]
ns3::olsb::RoutingTable [class]
ns3::olsb::RoutingTableEntry [class]
ns3::AttributeConstructionList::Item [struct]
'ns3::AttributeConstructionList::CIterator' did not match
'ns3::AttributeConstructionList::CIterator' did not match
/home/tamirg/.local/lib/python3.8/site-packages/pybindgen/castxmlparser.py:360: AnnotationsWarning: invalid annotation name 'pygen_comment'
  warnings.warn("invalid annotation name %r" % name, AnnotationsWarning)
ns3::Buffer::Iterator [class]
'std::ostream *' did not match
'uint8_t const *' did not match
ns3::Buffer::Data [struct]
ns3::Buffer::LocalStaticDestructor [struct]
ns3::ByteTagIterator::Item [class]
ns3::ByteTagList::Iterator [class]
ns3::ByteTagList::Iterator::Item [struct]
/home/tamirg/selfstudy/ns3/ns-allinone-3.36/ns-3.36/build/include/ns3/callback.h:1213: NotSupportedWarning: ns3::CallbackBase::m_impl [variable]: protected member variables not yet implemented by PyBindGen.
  Ptr<CallbackImplBase> m_impl;         //!< the pimpl
'ns3::Ptr< ns3::EventImpl > const &' did not match
'std::ostream &' did not match
'std::ostream &' did not match
'ns3::Mac16Address' did not match
'ns3::Mac64Address' did not match
'ns3::Mac16Address' did not match
'ns3::Mac64Address' did not match
'std::ostream &' did not match
'std::ostream &' did not match
'ns3::LogComponent::ComponentList *' did not match
'ns3::NodeContainer::Iterator' did not match
'ns3::NodeContainer::Iterator' did not match
ns3::PacketMetadata::Item [struct]
ns3::PacketMetadata::ItemIterator [class]
ns3::PacketMetadata::Data [struct]
ns3::PacketMetadata::DataFreeList [class]
ns3::PacketMetadata::ExtraItem [struct]
ns3::PacketMetadata::SmallItem [struct]
ns3::PacketTagIterator::Item [class]
ns3::PacketTagList::TagData [struct]
'uint8_t [ 1 ]' did not match
'std::basic_string< char, std::char_traits< char >, std::allocator< char > >' did not match
'std::ostream &' did not match
'std::ostream &' did not match
ns3::Time::Information [struct]
ns3::Time::Resolution [struct]
ns3::TypeId::AttributeInformation [struct]
ns3::TypeId::TraceSourceInformation [struct]
'ns3::Callback< ns3::ObjectBase *, ns3::empty, ns3::empty, ns3::empty, ns3::empty, ns3::empty, ns3::empty, ns3::empty, ns3::empty, ns3::empty >' did not match
'long double const' did not match
'int128_t const' did not match
'std::ostream &' did not match
'std::ostream &' did not match
'std::ostream &' did not match
ns3::Object::AggregateIterator [class]
ns3::Object::Aggregates [struct]
'ns3::RngStream *' did not match
'ns3::Callback< bool, ns3::Ptr< ns3::Socket >, ns3::Address const &, ns3::empty, ns3::empty, ns3::empty, ns3::empty, ns3::empty, ns3::empty, ns3::empty >' did not match
'ns3::Callback< void, ns3::Ptr< ns3::Socket >, ns3::Address const &, ns3::empty, ns3::empty, ns3::empty, ns3::empty, ns3::empty, ns3::empty, ns3::empty >' did not match
'ns3::Callback< void, ns3::Ptr< ns3::Socket >, ns3::empty, ns3::empty, ns3::empty, ns3::empty, ns3::empty, ns3::empty, ns3::empty, ns3::empty >' did not match
'ns3::Callback< void, ns3::Ptr< ns3::Socket >, ns3::empty, ns3::empty, ns3::empty, ns3::empty, ns3::empty, ns3::empty, ns3::empty, ns3::empty >' did not match
'ns3::Callback< void, ns3::Ptr< ns3::Socket >, ns3::empty, ns3::empty, ns3::empty, ns3::empty, ns3::empty, ns3::empty, ns3::empty, ns3::empty >' did not match
'ns3::Callback< void, ns3::Ptr< ns3::Socket >, ns3::empty, ns3::empty, ns3::empty, ns3::empty, ns3::empty, ns3::empty, ns3::empty, ns3::empty >' did not match
'ns3::Callback< void, ns3::Ptr< ns3::Socket >, unsigned int, ns3::empty, ns3::empty, ns3::empty, ns3::empty, ns3::empty, ns3::empty, ns3::empty >' did not match
'ns3::Callback< void, ns3::Ptr< ns3::Socket >, ns3::empty, ns3::empty, ns3::empty, ns3::empty, ns3::empty, ns3::empty, ns3::empty, ns3::empty >' did not match
'ns3::Callback< void, ns3::Ptr< ns3::Socket >, unsigned int, ns3::empty, ns3::empty, ns3::empty, ns3::empty, ns3::empty, ns3::empty, ns3::empty >' did not match
/home/tamirg/selfstudy/ns3/ns-allinone-3.36/ns-3.36/build/include/ns3/socket.h:1077: NotSupportedWarning: ns3::Socket::m_boundnetdevice [variable]: protected member variables not yet implemented by PyBindGen.
  Ptr<NetDevice> m_boundnetdevice; //!< the device this socket is bound to (might be null).
/home/tamirg/selfstudy/ns3/ns-allinone-3.36/ns-3.36/build/include/ns3/socket.h:1079: NotSupportedWarning: ns3::Socket::m_ipv6MulticastGroupAddress [variable]: protected member variables not yet implemented by PyBindGen.
  Ipv6Address m_ipv6MulticastGroupAddress; //!< IPv6 multicast group address.
/home/tamirg/selfstudy/ns3/ns-allinone-3.36/ns-3.36/build/include/ns3/socket.h:1078: NotSupportedWarning: ns3::Socket::m_recvPktInfo [variable]: protected member variables not yet implemented by PyBindGen.
  bool m_recvPktInfo; //!< if the socket should add packet info tags to the packet forwarded to L4.
'std::ostream &' did not match
'std::ostream &' did not match
'std::ostream &' did not match
'std::ostream &' did not match
'std::ostream &' did not match
'std::ostream &' did not match
'std::ostream &' did not match
ns3::EmpiricalRandomVariable::ValueCDF [class]
ns3::Ipv4L3Protocol::Fragments [class]
'ns3::Callback< void, ns3::Ptr< ns3::Ipv4Route >, ns3::Ptr< ns3::Packet const >, ns3::Ipv4Header const &, ns3::empty, ns3::empty, ns3::empty, ns3::empty, ns3::empty, ns3::empty >' did not match
'ns3::Callback< void, ns3::Ptr< ns3::Ipv4MulticastRoute >, ns3::Ptr< ns3::Packet const >, ns3::Ipv4Header const &, ns3::empty, ns3::empty, ns3::empty, ns3::empty, ns3::empty, ns3::empty >' did not match
'ns3::Callback< void, ns3::Ptr< ns3::Packet const >, ns3::Ipv4Header const &, unsigned int, ns3::empty, ns3::empty, ns3::empty, ns3::empty, ns3::empty, ns3::empty >' did not match
'ns3::Callback< void, ns3::Ptr< ns3::Packet const >, ns3::Ipv4Header const &, ns3::Socket::SocketErrno, ns3::empty, ns3::empty, ns3::empty, ns3::empty, ns3::empty, ns3::empty >' did not match
'ns3::Callback< void, ns3::empty, ns3::empty, ns3::empty, ns3::empty, ns3::empty, ns3::empty, ns3::empty, ns3::empty, ns3::empty >' did not match
'ns3::Callback< bool, ns3::Ptr< ns3::NetDevice >, ns3::Ptr< ns3::Packet const >, unsigned short, ns3::Address const &, ns3::Address const &, ns3::NetDevice::PacketType, ns3::empty, ns3::empty, ns3::empty >' did not match
'ns3::Callback< bool, ns3::Ptr< ns3::NetDevice >, ns3::Ptr< ns3::Packet const >, unsigned short, ns3::Address const &, ns3::empty, ns3::empty, ns3::empty, ns3::empty, ns3::empty >' did not match
'ns3::Callback< void, ns3::Ptr< ns3::NetDevice >, ns3::empty, ns3::empty, ns3::empty, ns3::empty, ns3::empty, ns3::empty, ns3::empty, ns3::empty >' did not match
'ns3::Callback< void, ns3::Ptr< ns3::NetDevice >, ns3::Ptr< ns3::Packet const >, unsigned short, ns3::Address const &, ns3::Address const &, ns3::NetDevice::PacketType, ns3::empty, ns3::empty, ns3::empty >' did not match
'ns3::Callback< void, ns3::Ptr< ns3::NetDevice >, ns3::empty, ns3::empty, ns3::empty, ns3::empty, ns3::empty, ns3::empty, ns3::empty, ns3::empty >' did not match
'ns3::Callback< void, ns3::Ptr< ns3::NetDevice >, ns3::Ptr< ns3::Packet const >, unsigned short, ns3::Address const &, ns3::Address const &, ns3::NetDevice::PacketType, ns3::empty, ns3::empty, ns3::empty >' did not match
ns3::Node::ProtocolHandlerEntry [struct]
'std::ostream *' did not match
'std::ostream *' did not match
'std::ostream *' did not match
'std::ostream &' did not match
'std::ostream &' did not match
'std::ostream &' did not match
'short unsigned int' did not match
'ns3::Callback< void, ns3::Ptr< ns3::Ipv4Route >, ns3::Ptr< ns3::Packet const >, ns3::Ipv4Header const &, ns3::empty, ns3::empty, ns3::empty, ns3::empty, ns3::empty, ns3::empty >' did not match
'ns3::Callback< void, ns3::Ptr< ns3::Ipv4MulticastRoute >, ns3::Ptr< ns3::Packet const >, ns3::Ipv4Header const &, ns3::empty, ns3::empty, ns3::empty, ns3::empty, ns3::empty, ns3::empty >' did not match
'ns3::Callback< void, ns3::Ptr< ns3::Packet const >, ns3::Ipv4Header const &, unsigned int, ns3::empty, ns3::empty, ns3::empty, ns3::empty, ns3::empty, ns3::empty >' did not match
'ns3::Callback< void, ns3::Ptr< ns3::Packet const >, ns3::Ipv4Header const &, ns3::Socket::SocketErrno, ns3::empty, ns3::empty, ns3::empty, ns3::empty, ns3::empty, ns3::empty >' did not match
'ns3::Hash::Hash32Function_ptr' did not match
'ns3::Hash::Hash64Function_ptr' did not match
'std::ostream &' did not match
'ns3::olsb::QueueEntry::UnicastForwardCallback' did not match
'ns3::olsb::QueueEntry::ErrorCallback' did not match
'ns3::olsb::QueueEntry::UnicastForwardCallback' did not match
'ns3::Ipv4RoutingProtocol::ErrorCallback' did not match
'ns3::Ipv4RoutingProtocol::UnicastForwardCallback' did not match
'ns3::Callback< void, ns3::Ptr< ns3::Ipv4Route >, ns3::Ptr< ns3::Packet const >, ns3::Ipv4Header const &, ns3::empty, ns3::empty, ns3::empty, ns3::empty, ns3::empty, ns3::empty >' did not match
'ns3::Callback< void, ns3::Ptr< ns3::Ipv4MulticastRoute >, ns3::Ptr< ns3::Packet const >, ns3::Ipv4Header const &, ns3::empty, ns3::empty, ns3::empty, ns3::empty, ns3::empty, ns3::empty >' did not match
'ns3::Callback< void, ns3::Ptr< ns3::Packet const >, ns3::Ipv4Header const &, unsigned int, ns3::empty, ns3::empty, ns3::empty, ns3::empty, ns3::empty, ns3::empty >' did not match
'ns3::Callback< void, ns3::Ptr< ns3::Packet const >, ns3::Ipv4Header const &, ns3::Socket::SocketErrno, ns3::empty, ns3::empty, ns3::empty, ns3::empty, ns3::empty, ns3::empty >' did not match
